TN:
SF:Controllers\authController.js
FN:12,signInToken
FN:17,createSendResponse
FN:149,exports.restricted
FNF:3
FNH:3
FNDA:3,signInToken
FNDA:3,createSendResponse
FNDA:2,exports.restricted
DA:1,1
DA:2,1
DA:3,1
DA:4,1
DA:5,1
DA:6,1
DA:7,1
DA:8,1
DA:9,1
DA:10,1
DA:11,1
DA:12,1
DA:13,3
DA:14,3
DA:15,3
DA:16,1
DA:17,1
DA:18,3
DA:19,3
DA:20,3
DA:21,3
DA:22,3
DA:23,3
DA:24,3
DA:25,3
DA:26,3
DA:27,3
DA:28,3
DA:29,3
DA:30,3
DA:31,1
DA:32,1
DA:33,3
DA:34,3
DA:35,3
DA:36,3
DA:37,3
DA:38,3
DA:39,3
DA:40,3
DA:41,3
DA:42,3
DA:43,3
DA:44,3
DA:45,3
DA:46,1
DA:47,1
DA:48,1
DA:49,1
DA:50,1
DA:51,1
DA:52,1
DA:53,1
DA:54,1
DA:55,1
DA:56,1
DA:57,1
DA:58,1
DA:59,1
DA:60,1
DA:61,1
DA:62,6
DA:63,6
DA:64,6
DA:65,6
DA:66,6
DA:67,1
DA:68,1
DA:69,1
DA:70,1
DA:71,5
DA:72,6
DA:73,1
DA:74,1
DA:75,1
DA:76,1
DA:77,4
DA:78,6
DA:79,1
DA:80,1
DA:81,1
DA:82,1
DA:83,3
DA:84,3
DA:85,3
DA:86,3
DA:87,3
DA:88,3
DA:89,3
DA:90,6
DA:91,2
DA:92,2
DA:93,2
DA:94,2
DA:95,1
DA:96,1
DA:97,1
DA:98,1
DA:99,1
DA:100,1
DA:101,1
DA:102,1
DA:103,1
DA:104,1
DA:105,1
DA:106,4
DA:107,4
DA:108,4
DA:109,4
DA:110,3
DA:111,3
DA:112,4
DA:113,4
DA:114,4
DA:115,4
DA:116,1
DA:117,1
DA:118,1
DA:119,1
DA:120,3
DA:121,3
DA:122,3
DA:123,3
DA:124,3
DA:125,3
DA:126,4
DA:127,1
DA:128,1
DA:129,1
DA:130,1
DA:131,2
DA:132,2
DA:133,2
DA:134,2
DA:135,2
DA:136,4
DA:137,1
DA:138,1
DA:139,1
DA:140,1
DA:141,1
DA:142,1
DA:143,1
DA:144,1
DA:145,1
DA:146,1
DA:147,1
DA:148,1
DA:149,1
DA:150,2
DA:151,2
DA:152,2
DA:153,2
DA:154,2
DA:155,1
DA:156,1
DA:157,1
DA:158,1
DA:159,1
DA:160,1
DA:161,1
DA:162,2
DA:163,1
DA:164,1
DA:165,3
DA:166,3
DA:167,3
DA:168,3
DA:169,3
DA:170,1
DA:171,1
DA:172,1
DA:173,1
DA:174,2
DA:175,2
DA:176,2
DA:177,2
DA:178,2
DA:179,2
DA:180,2
DA:181,2
DA:182,2
DA:183,2
DA:184,2
DA:185,2
DA:186,2
DA:187,2
DA:188,2
DA:189,2
DA:190,2
DA:191,2
DA:192,2
DA:193,2
DA:194,1
DA:195,1
DA:196,1
DA:197,1
DA:198,1
DA:199,1
DA:200,1
DA:201,1
DA:202,1
DA:203,1
DA:204,1
DA:205,1
DA:206,1
DA:207,1
DA:208,1
DA:209,1
DA:210,1
DA:211,1
DA:212,1
DA:213,3
DA:214,3
DA:215,1
DA:216,1
DA:217,1
DA:218,3
DA:219,3
DA:220,3
DA:221,3
DA:222,3
DA:223,3
DA:224,3
DA:225,3
DA:226,3
DA:227,3
DA:228,1
DA:229,1
DA:230,1
DA:231,1
DA:232,2
DA:233,2
DA:234,2
DA:235,3
DA:236,1
DA:237,1
DA:238,1
DA:239,1
DA:240,1
DA:241,1
DA:242,1
DA:243,1
DA:244,1
DA:245,1
DA:246,1
DA:247,1
DA:248,1
DA:249,1
DA:250,1
DA:251,1
DA:252,1
DA:253,1
LF:253
LH:253
BRDA:12,0,0,3
BRDA:17,1,0,3
BRDA:30,2,0,1
BRDA:50,3,0,1
BRDA:61,4,0,6
BRDA:66,5,0,2
BRDA:66,6,0,1
BRDA:70,7,0,5
BRDA:72,8,0,1
BRDA:72,9,0,1
BRDA:76,10,0,4
BRDA:78,11,0,1
BRDA:82,12,0,3
BRDA:90,13,0,2
BRDA:94,14,0,1
BRDA:105,15,0,4
BRDA:109,16,0,3
BRDA:109,17,0,3
BRDA:115,18,0,1
BRDA:119,19,0,3
BRDA:126,20,0,1
BRDA:130,21,0,2
BRDA:136,22,0,1
BRDA:149,23,0,2
BRDA:150,24,0,2
BRDA:154,25,0,1
BRDA:164,26,0,3
BRDA:169,27,0,1
BRDA:173,28,0,2
BRDA:194,29,0,1
BRDA:217,30,0,3
BRDA:227,31,0,1
BRDA:231,32,0,2
BRDA:235,33,0,1
BRF:34
BRH:34
end_of_record
TN:
SF:Controllers\userController.js
FN:9,signInToken
FNF:1
FNH:1
FNDA:1,signInToken
DA:1,1
DA:2,1
DA:3,1
DA:4,1
DA:5,1
DA:6,1
DA:7,1
DA:8,1
DA:9,1
DA:10,1
DA:11,1
DA:12,1
DA:13,1
DA:14,1
DA:15,2
DA:16,2
DA:17,2
DA:18,2
DA:19,1
DA:20,1
DA:21,1
DA:22,1
DA:23,1
DA:24,1
DA:25,1
DA:26,1
DA:27,1
DA:28,1
DA:29,1
DA:30,1
DA:31,1
DA:32,1
DA:33,2
DA:34,2
DA:35,2
DA:36,2
DA:37,2
DA:38,2
DA:39,2
DA:40,2
DA:41,2
DA:42,2
DA:43,2
DA:44,2
DA:45,2
DA:46,2
DA:47,1
DA:48,1
DA:49,1
DA:50,1
DA:51,1
DA:52,1
DA:53,1
DA:54,1
DA:55,1
DA:56,1
DA:57,1
DA:58,1
DA:59,1
DA:60,1
DA:61,1
DA:62,1
DA:63,1
DA:64,1
DA:65,1
DA:66,1
DA:67,1
DA:68,1
DA:69,1
DA:70,1
DA:71,2
DA:72,1
DA:73,1
DA:74,1
DA:75,1
DA:76,1
DA:77,1
DA:78,1
DA:79,1
DA:80,1
DA:81,2
DA:82,2
DA:83,1
DA:84,1
DA:85,1
DA:86,1
DA:87,1
DA:88,1
DA:89,1
DA:90,1
DA:91,1
DA:92,1
DA:93,1
DA:94,1
DA:95,1
DA:96,1
DA:97,1
DA:98,1
DA:99,1
DA:100,1
DA:101,1
DA:102,1
DA:103,1
DA:104,1
DA:105,1
LF:105
LH:105
BRDA:9,0,0,1
BRDA:14,1,0,2
BRDA:18,2,0,1
BRDA:32,3,0,2
BRDA:46,4,0,1
BRDA:70,5,0,2
BRDA:71,6,0,1
BRDA:71,7,0,1
BRDA:80,8,0,2
BRDA:82,9,0,1
BRDA:96,10,0,1
BRF:11
BRH:11
end_of_record
TN:
SF:Models\usersModels.js
FN:44,validator
FN:76,usersSchema.methods.comparePassword
FN:81,usersSchema.methods.isPasswordChange
FN:90,usersSchema.methods.createPasswordResetToken
FNF:4
FNH:0
FNDA:0,validator
FNDA:0,usersSchema.methods.comparePassword
FNDA:0,usersSchema.methods.isPasswordChange
FNDA:0,usersSchema.methods.createPasswordResetToken
DA:1,1
DA:2,1
DA:3,1
DA:4,1
DA:5,1
DA:6,1
DA:7,1
DA:8,1
DA:9,1
DA:10,1
DA:11,1
DA:12,1
DA:13,1
DA:14,1
DA:15,1
DA:16,1
DA:17,1
DA:18,1
DA:19,1
DA:20,1
DA:21,1
DA:22,1
DA:23,1
DA:24,1
DA:25,1
DA:26,1
DA:27,1
DA:28,1
DA:29,1
DA:30,1
DA:31,1
DA:32,1
DA:33,1
DA:34,1
DA:35,1
DA:36,1
DA:37,1
DA:38,1
DA:39,1
DA:40,1
DA:41,1
DA:42,1
DA:43,1
DA:44,1
DA:45,1
DA:46,1
DA:47,1
DA:48,1
DA:49,1
DA:50,1
DA:51,1
DA:52,1
DA:53,1
DA:54,1
DA:55,1
DA:56,1
DA:57,1
DA:58,1
DA:59,0
DA:60,0
DA:61,0
DA:62,0
DA:63,0
DA:64,0
DA:65,0
DA:66,0
DA:67,1
DA:68,1
DA:69,0
DA:70,0
DA:71,0
DA:72,1
DA:73,1
DA:74,1
DA:75,1
DA:76,1
DA:77,0
DA:78,0
DA:79,1
DA:80,1
DA:81,1
DA:82,0
DA:83,0
DA:84,0
DA:85,0
DA:86,0
DA:87,0
DA:88,0
DA:89,1
DA:90,1
DA:91,0
DA:92,0
DA:93,0
DA:94,0
DA:95,0
DA:96,0
DA:97,0
DA:98,0
DA:99,0
DA:100,1
DA:101,1
DA:102,1
DA:103,1
DA:104,1
LF:104
LH:75
BRF:0
BRH:0
end_of_record
TN:
SF:Utils\errorHandler.js
FN:2,AppError
FNF:1
FNH:1
FNDA:13,AppError
DA:1,1
DA:2,1
DA:3,13
DA:4,13
DA:5,13
DA:6,13
DA:7,13
DA:8,13
DA:9,13
DA:10,13
DA:11,13
DA:12,13
DA:13,13
DA:14,1
DA:15,1
DA:16,1
LF:16
LH:16
BRDA:2,0,0,13
BRDA:6,1,0,12
BRDA:6,2,0,1
BRDA:8,3,0,4
BRF:4
BRH:4
end_of_record
